
#####################
## Android entries ##
#####################

## One Last Chance - dr_soda - Jam Entry ##
Android (.apk): http://www.recursivefrog.com/onelastchance/apk/OneMoreChance.apk

## Troll Spirit - zzorn - Jam Entry ##
Android: https://dl.dropbox.com/u/19531278/ludumdare24/TrollSpirit.apk

## Chromasome - Jeremy Nikolai - Jam Entry ##
Android: http://controlledpanic.com/dl/chromasome/chromasome.apk

## ANT FIGHT CLUB - gamblore - 48 Hour Compo Entry ##
Android: http://www.djgamblore.com/ANTFIGHTCLUB.apk

## ANT FIGHT CLUB - gamblore - 48 Hour Compo Entry ##
AndroidPunk: https://github.com/gamblore/AndroidPunk

## Death Hockey - Toby - 48 Hour Compo Entry ##
Android: https://play.google.com/store/apps/details?id=de.hassenkloever.tobias.deathhockey&feature=search_result#?t=W251bGwsMSwyLDEsImRlLmhhc3Nlbmtsb2V2ZXIudG9iaWFzLmRlYXRoaG9ja2V5Il0.

## Caveman's Quest for Food - jfroco - Jam Entry ##
Android: https://dl.dropbox.com/u/4281970/ld24/jam/caveman.apk

## Temporal Agent - Deykoweec - Jam Entry ##
Android: http://dare.frozendevs.com/Project11.apk

## Winding of Isaac - TehSkull - Jam Entry ##
Android: https://dl.dropbox.com/u/29856467/Betas/The%20Winding%20of%20Isaac.apk

## Nom's Evolvathlon - bvanschooten - 48 Hour Compo Entry ##
Android: http://tmtg.net/ludumdare/nomsevolvathlon/NomsEvolvathlon-release.apk

## Clever Blocks - Cthulhu - Jam Entry ##
Android (Post Compo): https://play.google.com/store/apps/details?id=com.me.cleverblocks

## Survival Of The Tastiest - zeh - 48 Hour Compo Entry ##
Android: http://hosted.zehfernando.com/ludumdare/24/SurvivalOfTheTastiest.apk

## Super Genome: Hyper Evolution Turbo Edition - Raptor85 - 48 Hour Compo Entry ##
android: https://play.google.com/store/apps/details?id=com.raptor85.genome

## Firefly - timtipgames - 48 Hour Compo Entry ##
Android (GooglePlay): https://play.google.com/store/apps/details?id=com.timtips.ld

## Aggrandize - moomoo112 - Jam Entry ##
Android: http://www.phaze.host-ed.me/ld24/Aggrandize.apk

## ProtoZoo - raver1975 - 48 Hour Compo Entry ##
Android 1.1: https://dl.dropbox.com/u/19401902/LD24/ProtoZoo.apk

## Dig, Jesus! Dig! - monkeymad2 - 48 Hour Compo Entry ##
Web (iOS / Android): http://scaryg.nom.es/playthings/DigJesusDigiOS

## Click Red, Eat Rest - Beep2Bleep - 48 Hour Compo Entry ##
Android: https://play.google.com/store/apps/details?id=com.beep2bleep.clickred&feature=search_result#?t=W251bGwsMSwyLDEsImNvbS5iZWVwMmJsZWVwLmNsaWNrcmVkIl0.

